<?xml version="1.0" encoding="UTF-8"?>
<!-- Generated by org.testng.reporters.JUnitReportReporter -->
<testsuite hostname="DESKTOP-NJVK0I1" failures="0" tests="6" name="pack1.DataDrivenFrameWork" time="29.433" errors="0" timestamp="19 Apr 2020 22:29:14 GMT" skipped="0">
  <testcase classname="pack1.DataDrivenFrameWork" name="BNSDataDriven" time="5.261"/>
  <testcase classname="pack1.DataDrivenFrameWork" name="BNSDataDriven" time="4.840"/>
  <testcase classname="pack1.DataDrivenFrameWork" name="BNSDataDriven" time="4.867"/>
  <testcase classname="pack1.DataDrivenFrameWork" name="BNSDataDriven" time="4.834"/>
  <testcase classname="pack1.DataDrivenFrameWork" name="BNSDataDriven" time="4.805"/>
  <testcase classname="pack1.DataDrivenFrameWork" name="BNSDataDriven" time="4.826"/>
</testsuite> <!-- pack1.DataDrivenFrameWork -->
