<?xml version="1.0" encoding="UTF-8"?>
<!-- Generated by org.testng.reporters.JUnitReportReporter -->
<testsuite hostname="DESKTOP-NJVK0I1" failures="0" tests="1" name="InterviewQuestion.HowToHandelMultiplePageInSameWindow" time="11.678" errors="0" timestamp="16 Apr 2020 22:00:05 GMT" skipped="0">
  <testcase classname="InterviewQuestion.HowToHandelMultiplePageInSameWindow" name="MultiplePageInSameWindow" time="11.678"/>
</testsuite> <!-- InterviewQuestion.HowToHandelMultiplePageInSameWindow -->
