<?xml version="1.0" encoding="UTF-8"?>
<!-- Generated by org.testng.reporters.JUnitReportReporter -->
<testsuite hostname="DESKTOP-NJVK0I1" failures="0" tests="1" name="InterviewQuestion.CountYahooSearchBox" time="9.324" errors="0" timestamp="17 Apr 2020 06:36:47 GMT" skipped="0">
  <testcase classname="InterviewQuestion.CountYahooSearchBox" name="YahooSearch" time="9.324"/>
</testsuite> <!-- InterviewQuestion.CountYahooSearchBox -->
