<?xml version="1.0" encoding="UTF-8"?>
<!-- Generated by org.testng.reporters.JUnitReportReporter -->
<testsuite hostname="DESKTOP-NJVK0I1" failures="0" tests="1" name="HwPack.CountYahooSearchBoxHW" time="6.491" errors="0" timestamp="19 Apr 2020 18:53:37 GMT" skipped="0">
  <testcase classname="HwPack.CountYahooSearchBoxHW" name="YahooSearch" time="6.491"/>
</testsuite> <!-- HwPack.CountYahooSearchBoxHW -->
