<?xml version="1.0" encoding="UTF-8"?>
<!-- Generated by org.testng.reporters.JUnitReportReporter -->
<testsuite hostname="DESKTOP-NJVK0I1" failures="0" tests="3" name="InterviewQuestion.HowToHandleAlert" time="26.918" errors="0" timestamp="19 Apr 2020 21:49:33 GMT" skipped="0">
  <testcase classname="InterviewQuestion.HowToHandleAlert" name="AlertPromt" time="12.955"/>
  <testcase classname="InterviewQuestion.HowToHandleAlert" name="Alert" time="6.956"/>
  <testcase classname="InterviewQuestion.HowToHandleAlert" name="ConfirmAlert" time="7.007"/>
</testsuite> <!-- InterviewQuestion.HowToHandleAlert -->
