<?xml version="1.0" encoding="UTF-8"?>
<!-- Generated by org.testng.reporters.JUnitReportReporter -->
<testsuite hostname="DESKTOP-NJVK0I1" failures="0" tests="1" name="HwPack.FacebookDataDrivenFrameWork" time="0.006" errors="0" timestamp="20 Apr 2020 01:33:11 GMT" skipped="0">
  <testcase classname="HwPack.FacebookDataDrivenFrameWork" name="FacebookDataDriven" time="0.006"/>
</testsuite> <!-- HwPack.FacebookDataDrivenFrameWork -->
