<?xml version="1.0" encoding="UTF-8"?>
<!-- Generated by org.testng.reporters.JUnitReportReporter -->
<testsuite hostname="DESKTOP-NJVK0I1" failures="0" tests="1" name="InterviewQuestion.CountYahooSearchBoxHW" time="7.353" errors="0" timestamp="08 May 2020 19:59:09 GMT" skipped="0">
  <testcase classname="InterviewQuestion.CountYahooSearchBoxHW" name="YahooSearch" time="7.353"/>
</testsuite> <!-- InterviewQuestion.CountYahooSearchBoxHW -->
