<?xml version="1.0" encoding="UTF-8"?>
<!-- Generated by org.testng.reporters.JUnitReportReporter -->
<testsuite hostname="DESKTOP-NJVK0I1" failures="0" tests="1" name="InterviewQuestion.HowToBrowserZoomInAndZoomOut" time="10.279" errors="0" timestamp="08 May 2020 20:37:37 GMT" skipped="0">
  <testcase classname="InterviewQuestion.HowToBrowserZoomInAndZoomOut" name="ZoomIn" time="10.279"/>
</testsuite> <!-- InterviewQuestion.HowToBrowserZoomInAndZoomOut -->
