<?xml version="1.0" encoding="UTF-8"?>
<!-- Generated by org.testng.reporters.JUnitReportReporter -->
<testsuite hostname="DESKTOP-NJVK0I1" failures="0" tests="1" name="HwPack.MultipleWindowHandeling" time="28.157" errors="0" timestamp="19 Apr 2020 20:39:05 GMT" skipped="0">
  <testcase classname="HwPack.MultipleWindowHandeling" name="HandleMultipleWindow" time="28.157"/>
</testsuite> <!-- HwPack.MultipleWindowHandeling -->
