<?xml version="1.0" encoding="UTF-8"?>
<!-- Generated by org.testng.reporters.JUnitReportReporter -->
<testsuite hostname="DESKTOP-NJVK0I1" failures="0" tests="1" name="InterviewQuestion.ScrollUpAndDown" time="13.489" errors="0" timestamp="08 May 2020 20:52:52 GMT" skipped="0">
  <testcase classname="InterviewQuestion.ScrollUpAndDown" name="ScrollDown" time="13.489"/>
</testsuite> <!-- InterviewQuestion.ScrollUpAndDown -->
