<?xml version="1.0" encoding="UTF-8"?>
<!-- Generated by org.testng.reporters.JUnitReportReporter -->
<testsuite hostname="DESKTOP-NJVK0I1" failures="0" tests="1" name="InterviewQuestion.WeatherSearchHW" time="4.278" errors="0" timestamp="17 Apr 2020 06:54:16 GMT" skipped="0">
  <testcase classname="InterviewQuestion.WeatherSearchHW" name="YahooSearch" time="4.278"/>
</testsuite> <!-- InterviewQuestion.WeatherSearchHW -->
