<?xml version="1.0" encoding="UTF-8"?>
<!-- Generated by org.testng.reporters.JUnitReportReporter -->
<testsuite hostname="DESKTOP-NJVK0I1" failures="0" tests="1" name="HwPack.WeatherSearchHW" time="7.191" errors="0" timestamp="19 Apr 2020 21:00:48 GMT" skipped="0">
  <testcase classname="HwPack.WeatherSearchHW" name="YahooSearch" time="7.191"/>
</testsuite> <!-- HwPack.WeatherSearchHW -->
