<?xml version="1.0" encoding="UTF-8"?>
<!-- Generated by org.testng.reporters.JUnitReportReporter -->
<testsuite hostname="DESKTOP-NJVK0I1" failures="0" tests="1" name="InterviewQuestion.HowToHandleIframe" time="8.320" errors="0" timestamp="26 Apr 2020 21:35:51 GMT" skipped="0">
  <testcase classname="InterviewQuestion.HowToHandleIframe" name="IframeHandleing" time="8.320"/>
</testsuite> <!-- InterviewQuestion.HowToHandleIframe -->
