<?xml version="1.0" encoding="UTF-8"?>
<!-- Generated by org.testng.reporters.JUnitReportReporter -->
<testsuite hostname="DESKTOP-NJVK0I1" failures="0" tests="4" name="crossBrowser.MultiBrowser" time="64.634" errors="0" timestamp="26 Apr 2020 20:17:38 GMT" skipped="0">
  <testcase classname="crossBrowser.MultiBrowser" name="MultiBrowerTesting" time="9.040"/>
  <testcase classname="crossBrowser.MultiBrowser" name="MultiBrowerTesting" time="13.469"/>
  <testcase classname="crossBrowser.MultiBrowser" name="MultiBrowerTesting" time="25.398"/>
  <testcase classname="crossBrowser.MultiBrowser" name="MultiBrowerTesting" time="16.727"/>
</testsuite> <!-- crossBrowser.MultiBrowser -->
