<?xml version="1.0" encoding="UTF-8"?>
<!-- Generated by org.testng.reporters.JUnitReportReporter -->
<testsuite hostname="DESKTOP-NJVK0I1" failures="0" tests="1" name="InterviewQuestion.HowToHighLightWebElement" time="7.296" errors="0" timestamp="10 May 2020 18:45:21 GMT" skipped="0">
  <testcase classname="InterviewQuestion.HowToHighLightWebElement" name="HighLightWebElement" time="7.296"/>
</testsuite> <!-- InterviewQuestion.HowToHighLightWebElement -->
