<?xml version="1.0" encoding="UTF-8"?>
<!-- Generated by org.testng.reporters.JUnitReportReporter -->
<testsuite hostname="DESKTOP-NJVK0I1" failures="0" tests="4" name="crossBrowser.MultiBrowserByParameter" time="36.023" errors="0" timestamp="23 Apr 2020 22:35:56 GMT" skipped="0">
  <testcase classname="crossBrowser.MultiBrowserByParameter" name="googleTest" time="10.573"/>
  <testcase classname="crossBrowser.MultiBrowserByParameter" name="googleTest" time="9.408"/>
  <testcase classname="crossBrowser.MultiBrowserByParameter" name="googleTest" time="5.364"/>
  <testcase classname="crossBrowser.MultiBrowserByParameter" name="googleTest" time="10.678"/>
</testsuite> <!-- crossBrowser.MultiBrowserByParameter -->
