<?xml version="1.0" encoding="UTF-8"?>
<!-- Generated by org.testng.reporters.JUnitReportReporter -->
<testsuite hostname="DESKTOP-NJVK0I1" failures="0" tests="1" name="InterviewQuestion.HowToSearchBox" time="4.089" errors="0" timestamp="17 Apr 2020 06:32:44 GMT" skipped="0">
  <testcase classname="InterviewQuestion.HowToSearchBox" name="googleSearch" time="4.089"/>
</testsuite> <!-- InterviewQuestion.HowToSearchBox -->
