<?xml version="1.0" encoding="UTF-8"?>
<!-- Generated by org.testng.reporters.JUnitReportReporter -->
<testsuite hostname="DESKTOP-NJVK0I1" failures="0" tests="1" name="InterviewQuestion.HowToCountLinkOnWebPage" time="9.420" errors="0" timestamp="16 Apr 2020 06:48:03 GMT" skipped="0">
  <testcase classname="InterviewQuestion.HowToCountLinkOnWebPage" name="LinkCounting" time="9.420"/>
</testsuite> <!-- InterviewQuestion.HowToCountLinkOnWebPage -->
