<?xml version="1.0" encoding="UTF-8"?>
<!-- Generated by org.testng.reporters.JUnitReportReporter -->
<testsuite hostname="DESKTOP-NJVK0I1" failures="0" tests="2" name="InterviewQuestion.HowToOpenNewTabAndNewWindow" time="12.447" errors="0" timestamp="08 May 2020 20:18:52 GMT" skipped="0">
  <testcase classname="InterviewQuestion.HowToOpenNewTabAndNewWindow" name="OpenNewTab" time="3.712"/>
  <testcase classname="InterviewQuestion.HowToOpenNewTabAndNewWindow" name="OpenNewWindow" time="8.735"/>
</testsuite> <!-- InterviewQuestion.HowToOpenNewTabAndNewWindow -->
