<?xml version="1.0" encoding="UTF-8"?>
<!-- Generated by org.testng.reporters.JUnitReportReporter -->
<testsuite hostname="DESKTOP-NJVK0I1" failures="0" tests="7" name="test.BNSExcelDataTest" time="9.785" errors="0" timestamp="05 Jun 2020 22:15:22 GMT" skipped="0">
  <testcase classname="test.BNSExcelDataTest" name="BNSTest" time="1.380"/>
  <testcase classname="test.BNSExcelDataTest" name="BNSTest" time="1.492"/>
  <testcase classname="test.BNSExcelDataTest" name="BNSTest" time="1.390"/>
  <testcase classname="test.BNSExcelDataTest" name="BNSTest" time="1.345"/>
  <testcase classname="test.BNSExcelDataTest" name="BNSTest" time="1.607"/>
  <testcase classname="test.BNSExcelDataTest" name="BNSTest" time="1.192"/>
  <testcase classname="test.BNSExcelDataTest" name="BNSTest" time="1.379"/>
</testsuite> <!-- test.BNSExcelDataTest -->
