<?xml version="1.0" encoding="UTF-8"?>
<!-- Generated by org.testng.reporters.JUnitReportReporter -->
<testsuite hostname="DESKTOP-NJVK0I1" failures="0" tests="24" name="runner.TestRunner" time="207.017" errors="0" timestamp="01 Jun 2020 04:41:25 GMT" skipped="0">
  <testcase classname="runner.TestRunner" name="runScenario" time="7.940"/>
  <testcase classname="runner.TestRunner" name="runScenario" time="10.039"/>
  <testcase classname="runner.TestRunner" name="runScenario" time="6.886"/>
  <testcase classname="runner.TestRunner" name="runScenario" time="7.781"/>
  <testcase classname="runner.TestRunner" name="runScenario" time="7.934"/>
  <testcase classname="runner.TestRunner" name="runScenario" time="5.952"/>
  <testcase classname="runner.TestRunner" name="runScenario" time="9.152"/>
  <testcase classname="runner.TestRunner" name="runScenario" time="6.177"/>
  <testcase classname="runner.TestRunner" name="runScenario" time="10.896"/>
  <testcase classname="runner.TestRunner" name="runScenario" time="6.850"/>
  <testcase classname="runner.TestRunner" name="runScenario" time="7.842"/>
  <testcase classname="runner.TestRunner" name="runScenario" time="8.290"/>
  <testcase classname="runner.TestRunner" name="runScenario" time="13.964"/>
  <testcase classname="runner.TestRunner" name="runScenario" time="6.021"/>
  <testcase classname="runner.TestRunner" name="runScenario" time="6.878"/>
  <testcase classname="runner.TestRunner" name="runScenario" time="8.037"/>
  <testcase classname="runner.TestRunner" name="runScenario" time="14.126"/>
  <testcase classname="runner.TestRunner" name="runScenario" time="8.174"/>
  <testcase classname="runner.TestRunner" name="runScenario" time="10.110"/>
  <testcase classname="runner.TestRunner" name="runScenario" time="10.731"/>
  <testcase classname="runner.TestRunner" name="runScenario" time="10.074"/>
  <testcase classname="runner.TestRunner" name="runScenario" time="7.188"/>
  <testcase classname="runner.TestRunner" name="runScenario" time="6.094"/>
  <testcase classname="runner.TestRunner" name="runScenario" time="9.881"/>
</testsuite> <!-- runner.TestRunner -->
